[2017-04-27 02:08:07] general.INFO: User has visited the Landing Page. [] []
[2017-04-27 02:08:21] general.INFO: User has visited the Edit Page to edit the spreadsheet - Hola [] []
[2017-04-27 02:08:40] general.INFO: User has visited the Edit Page to edit the spreadsheet - Hola [] []
[2017-04-27 02:08:44] general.INFO: User has visited the Landing Page. [] []
[2017-04-27 02:08:48] general.INFO: User has visited the Edit Page to edit the spreadsheet - Read [] []
[2017-04-27 02:08:51] general.INFO: User has visited the File Page to view the XML version of spreadsheet - Read [] []
[2017-04-27 02:09:14] general.INFO: User has visited the Landing Page. [] []
[2017-04-27 02:09:17] general.INFO: User has visited the Edit Page to edit the spreadsheet - Hola [] []
[2017-04-27 02:09:23] general.INFO: User has visited the File Page to view the XML version of spreadsheet - Hola [] []
[2017-04-27 02:11:45] general.INFO: User has visited the Landing Page. [] []
[2017-04-27 02:11:51] general.INFO: User has visited the Edit Page to edit the spreadsheet - View [] []
[2017-04-27 02:12:04] general.INFO: User has visited the Read Page to read the spreadsheet - View [] []
[2017-04-27 02:15:23] general.INFO: User has visited the Landing Page. [] []
[2017-04-27 02:15:26] general.INFO: User has visited the Landing Page. [] []
[2017-04-27 02:15:30] general.INFO: User has visited the Edit Page to edit the spreadsheet - enw [] []
[2017-04-27 02:16:14] general.INFO: User has visited the File Page to view the XML version of spreadsheet - enw [] []
[2017-04-27 02:17:53] general.INFO: User has visited the Landing Page. [] []
[2017-04-27 02:17:56] general.INFO: User has visited the Edit Page to edit the spreadsheet - V [] []
[2017-04-27 02:18:01] general.INFO: User has visited the File Page to view the XML version of spreadsheet - V [] []
[2017-04-27 02:19:08] general.INFO: User has visited the File Page to view the XML version of spreadsheet - V [] []
[2017-04-27 02:20:08] general.INFO: User has visited the File Page to view the XML version of spreadsheet - V [] []
[2017-04-27 02:20:20] general.INFO: User has visited the File Page to view the XML version of spreadsheet - V [] []
[2017-04-27 02:20:40] general.INFO: User has visited the File Page to view the XML version of spreadsheet - V [] []
[2017-04-27 02:20:57] general.INFO: User has visited the File Page to view the XML version of spreadsheet - V [] []
[2017-04-27 02:21:03] general.INFO: User has visited the Landing Page. [] []
[2017-04-27 02:21:07] general.INFO: User has visited the Edit Page to edit the spreadsheet - HOla [] []
[2017-04-27 02:21:14] general.INFO: User has visited the File Page to view the XML version of spreadsheet - HOla [] []
[2017-04-27 02:21:24] general.INFO: User has visited the Landing Page. [] []
[2017-04-27 02:21:25] general.INFO: User has visited the Edit Page to edit the spreadsheet - V [] []
[2017-04-27 02:21:30] general.INFO: User has visited the File Page to view the XML version of spreadsheet - V [] []
<<<<<<< HEAD
[2017-04-27 03:17:22] general.INFO: User has visited the Landing Page. [] []
[2017-04-27 03:17:36] general.INFO: User has visited the Landing Page. [] []
[2017-04-27 03:17:39] general.INFO: User has visited the Edit Page to edit the spreadsheet - Hola [] []
[2017-04-27 03:17:43] general.INFO: User has visited the Edit Page to edit the spreadsheet - Hola [] []
[2017-04-27 03:17:50] general.INFO: User has visited the Landing Page. [] []
[2017-04-27 03:19:16] general.INFO: User has visited the Landing Page. [] []
[2017-04-27 03:19:19] general.INFO: User has visited the Edit Page to edit the spreadsheet - go [] []
[2017-04-27 03:19:31] general.INFO: User has visited the Landing Page. [] []
[2017-04-27 03:19:34] general.INFO: User has visited the Edit Page to edit the spreadsheet - Hola [] []
[2017-04-27 03:19:50] general.INFO: User has visited the Landing Page. [] []
[2017-04-27 03:19:53] general.INFO: User has visited the Edit Page to edit the spreadsheet - Hola [] []
[2017-04-27 03:22:49] general.INFO: User has visited the Landing Page. [] []
[2017-04-27 03:22:51] general.INFO: User has visited the Edit Page to edit the spreadsheet - Hola [] []
[2017-04-27 03:23:01] general.INFO: User has visited the Edit Page to edit the spreadsheet - Hola [] []
[2017-04-27 03:23:25] general.INFO: User has visited the Edit Page to edit the spreadsheet - Hola [] []
[2017-04-27 03:23:35] general.INFO: User has visited the Edit Page to edit the spreadsheet - Hola [] []
[2017-04-27 03:25:55] general.INFO: User has visited the Edit Page to edit the spreadsheet - Hola [] []
[2017-04-27 03:36:52] general.INFO: User has visited the Landing Page. [] []
[2017-04-27 03:36:54] general.INFO: User has visited the Edit Page to edit the spreadsheet - Hola [] []
[2017-04-27 03:37:01] general.INFO: User has visited the Edit Page to edit the spreadsheet - Hola [] []
[2017-04-27 03:38:26] general.INFO: User has visited the Edit Page to edit the spreadsheet - Hola [] []
[2017-04-27 03:40:09] general.INFO: User has visited the Landing Page. [] []
[2017-04-27 03:41:05] general.INFO: User has visited the Edit Page to edit the spreadsheet - Hola [] []
[2017-04-27 03:41:19] general.INFO: User has visited the Read Page to read the spreadsheet - Hola [] []
[2017-04-27 03:41:30] general.INFO: User has visited the Read Page to read the spreadsheet - Hola [] []
[2017-04-27 03:41:33] general.INFO: User has visited the Read Page to read the spreadsheet - Hola [] []
[2017-04-27 03:41:38] general.INFO: User has visited the Read Page to read the spreadsheet - Hola [] []
[2017-04-27 03:43:42] general.INFO: User has visited the Landing Page. [] []
[2017-04-27 03:43:42] general.INFO: User has visited the Landing Page. [] []
[2017-04-27 03:43:44] general.INFO: User has visited the Edit Page to edit the spreadsheet - Hola [] []
[2017-04-27 03:44:06] general.INFO: User has visited the Read Page to read the spreadsheet - Hola [] []
[2017-04-27 03:44:25] general.INFO: User has visited the File Page to view the XML version of spreadsheet - Hola [] []
[2017-04-27 03:44:48] general.INFO: User has visited the Edit Page to edit the spreadsheet - Hola [] []
[2017-04-27 03:46:32] general.INFO: User has visited the Edit Page to edit the spreadsheet - Hola [] []
[2017-04-27 03:46:38] general.INFO: User has visited the Read Page to read the spreadsheet - Hola [] []
[2017-04-27 03:46:43] general.INFO: User has visited the File Page to view the XML version of spreadsheet - Hola [] []
[2017-04-27 03:47:03] general.INFO: User has visited the Landing Page. [] []
[2017-04-27 03:47:06] general.INFO: User has visited the Edit Page to edit the spreadsheet - Lol [] []
[2017-04-27 03:47:11] general.INFO: User has visited the Read Page to read the spreadsheet - Lol [] []
[2017-04-27 03:47:13] general.INFO: User has visited the Landing Page. [] []
[2017-04-27 03:47:22] general.INFO: User has visited the File Page to view the XML version of spreadsheet - Lol [] []
=======
<<<<<<< HEAD
[2017-04-27 03:02:37] general.INFO: User has visited the Edit Page to edit the spreadsheet - kirtan [] []
[2017-04-27 03:02:40] general.INFO: User has visited the Landing Page. [] []
[2017-04-27 03:02:43] general.INFO: User has visited the Edit Page to edit the spreadsheet - kirtan [] []
[2017-04-27 03:24:40] general.INFO: User has visited the Edit Page to edit the spreadsheet - kirtan [] []
=======
[2017-04-27 02:58:37] general.INFO: User has visited the Landing Page. [] []
[2017-04-27 02:58:41] general.INFO: User has visited the Edit Page to edit the spreadsheet - Test [] []
[2017-04-27 03:21:42] general.INFO: User has visited the Landing Page. [] []
[2017-04-27 03:21:45] general.INFO: User has visited the Edit Page to edit the spreadsheet - Test [] []
[2017-04-27 03:25:14] general.INFO: User has visited the Edit Page to edit the spreadsheet - Test [] []
[2017-04-27 03:25:43] general.INFO: User has visited the Edit Page to edit the spreadsheet - Test [] []
[2017-04-27 03:26:05] general.INFO: User has visited the Edit Page to edit the spreadsheet - Test [] []
[2017-04-27 03:26:08] general.INFO: User has visited the Edit Page to edit the spreadsheet - Test [] []
[2017-04-27 03:26:09] general.INFO: User has visited the Edit Page to edit the spreadsheet - Test [] []
[2017-04-27 03:26:16] general.INFO: User has visited the Edit Page to edit the spreadsheet - Test [] []
[2017-04-27 03:26:22] general.INFO: User has visited the Edit Page to edit the spreadsheet - Test [] []
>>>>>>> d4e0de45cacc7de760406463cdcafbf68a9c5a36
[2017-04-27 03:30:55] general.INFO: User has visited the Edit Page to edit the spreadsheet - kirtan [] []
[2017-04-27 03:32:26] general.INFO: User has visited the Edit Page to edit the spreadsheet - kirtan [] []
[2017-04-27 03:32:31] general.INFO: User has visited the Edit Page to edit the spreadsheet - kirtan [] []
[2017-04-27 03:32:56] general.INFO: User has visited the Edit Page to edit the spreadsheet - kirtan [] []
[2017-04-27 03:34:25] general.INFO: User has visited the Edit Page to edit the spreadsheet - kirtan [] []
<<<<<<< HEAD
[2017-04-27 03:49:06] general.INFO: User has visited the Edit Page to edit the spreadsheet - kirtan [] []
=======
>>>>>>> 46f80b6e0f7c02dc40e56374c2031b1c642fa4ef
>>>>>>> 7cd243f81245852da07b9d8df6aa042e5624c2e6
[2017-04-27 04:02:18] general.INFO: User has visited the Edit Page to edit the spreadsheet - Lol [] []
[2017-04-27 04:02:38] general.INFO: User has visited the Edit Page to edit the spreadsheet - Lol [] []
[2017-04-27 04:02:39] general.INFO: User has visited the Landing Page. [] []
[2017-04-27 04:02:40] general.INFO: User has visited the Edit Page to edit the spreadsheet - lol [] []
[2017-04-27 04:21:04] general.INFO: User has visited the Landing Page. [] []
[2017-04-27 04:21:27] general.INFO: User has visited the Landing Page. [] []
